<?xml version="1.0" encoding="UTF-8"?>
<!-- Generated by org.testng.reporters.JUnitXMLReporter -->
<testsuite ignored="0" hostname="DESKTOP-16RT7DI" failures="0" tests="3" name="Default test" time="9.76" errors="0" timestamp="2022-06-18T15:05:34 EET">
  <testcase classname="testPackage.TestClass" name="checkThatGoogleLogoIsDisplayed" time="0.123"/>
  <testcase classname="testPackage.TestClass" name="checkThatPageTitleIsGoogle" time="0.008"/>
  <testcase classname="testPackage.TestClass" name="checkThatResultStatsIsNotEmpty" time="2.477"/>
</testsuite> <!-- Default test -->
