<?xml version="1.0" encoding="UTF-8"?>
<testng-results ignored="0" total="3" passed="3" failed="0" skipped="0">
  <reporter-output>
  </reporter-output>
  <suite started-at="2022-06-18T15:05:25 EET" name="Default suite" finished-at="2022-06-18T15:05:34 EET" duration-ms="9760">
    <groups>
    </groups>
    <test started-at="2022-06-18T15:05:25 EET" name="Default test" finished-at="2022-06-18T15:05:34 EET" duration-ms="9760">
      <class name="testPackage.TestClass">
        <test-method is-config="true" signature="beforeClass()[pri:0, instance:testPackage.TestClass@31304f14]" started-at="2022-06-18T15:05:25 EET" name="beforeClass" finished-at="2022-06-18T15:05:29 EET" duration-ms="3922" status="PASS">
          <reporter-output>
          </reporter-output>
        </test-method> <!-- beforeClass -->
        <test-method is-config="true" signature="beforeMethod()[pri:0, instance:testPackage.TestClass@31304f14]" started-at="2022-06-18T15:05:29 EET" name="beforeMethod" finished-at="2022-06-18T15:05:30 EET" duration-ms="1440" status="PASS">
          <reporter-output>
          </reporter-output>
        </test-method> <!-- beforeMethod -->
        <test-method signature="checkThatGoogleLogoIsDisplayed()[pri:0, instance:testPackage.TestClass@31304f14]" started-at="2022-06-18T15:05:30 EET" name="checkThatGoogleLogoIsDisplayed" description="Given I am on the Google Home Page, Then the Google Logo will be displayed." finished-at="2022-06-18T15:05:30 EET" duration-ms="123" status="PASS">
          <reporter-output>
          </reporter-output>
        </test-method> <!-- checkThatGoogleLogoIsDisplayed -->
        <test-method is-config="true" signature="beforeMethod()[pri:0, instance:testPackage.TestClass@31304f14]" started-at="2022-06-18T15:05:30 EET" name="beforeMethod" finished-at="2022-06-18T15:05:31 EET" duration-ms="674" status="PASS">
          <reporter-output>
          </reporter-output>
        </test-method> <!-- beforeMethod -->
        <test-method signature="checkThatPageTitleIsGoogle()[pri:0, instance:testPackage.TestClass@31304f14]" started-at="2022-06-18T15:05:31 EET" name="checkThatPageTitleIsGoogle" finished-at="2022-06-18T15:05:31 EET" duration-ms="8" status="PASS">
          <reporter-output>
          </reporter-output>
        </test-method> <!-- checkThatPageTitleIsGoogle -->
        <test-method is-config="true" signature="beforeMethod()[pri:0, instance:testPackage.TestClass@31304f14]" started-at="2022-06-18T15:05:31 EET" name="beforeMethod" finished-at="2022-06-18T15:05:31 EET" duration-ms="635" status="PASS">
          <reporter-output>
          </reporter-output>
        </test-method> <!-- beforeMethod -->
        <test-method signature="checkThatResultStatsIsNotEmpty()[pri:0, instance:testPackage.TestClass@31304f14]" started-at="2022-06-18T15:05:31 EET" name="checkThatResultStatsIsNotEmpty" finished-at="2022-06-18T15:05:34 EET" duration-ms="2477" status="PASS">
          <reporter-output>
          </reporter-output>
        </test-method> <!-- checkThatResultStatsIsNotEmpty -->
        <test-method is-config="true" signature="afterClass()[pri:0, instance:testPackage.TestClass@31304f14]" started-at="2022-06-18T15:05:34 EET" name="afterClass" finished-at="2022-06-18T15:05:34 EET" duration-ms="405" status="PASS">
          <reporter-output>
          </reporter-output>
        </test-method> <!-- afterClass -->
      </class> <!-- testPackage.TestClass -->
    </test> <!-- Default test -->
  </suite> <!-- Default suite -->
</testng-results>
